<?xml version="1.0" encoding="UTF-8"?>
<!-- Generated by org.testng.reporters.JUnitReportReporter -->
<testsuite skipped="0" hostname="AFSWWK3KL813IF" name="mWebApp2.frontEnd.FrontEndTest" tests="6" failures="0" timestamp="17 Jun 2019 04:36:00 GMT" time="5.307" errors="0">
  <testcase name="openApp" time="0.807" classname="mWebApp2.frontEnd.FrontEndTest"/>
  <testcase name="login" time="1.811" classname="mWebApp2.frontEnd.FrontEndTest"/>
  <testcase name="selectUser" time="0.543" classname="mWebApp2.frontEnd.FrontEndTest"/>
  <testcase name="addMood" time="0.679" classname="mWebApp2.frontEnd.FrontEndTest"/>
  <testcase name="updateMood" time="0.899" classname="mWebApp2.frontEnd.FrontEndTest"/>
  <testcase name="deleteMood" time="0.568" classname="mWebApp2.frontEnd.FrontEndTest"/>
</testsuite> <!-- mWebApp2.frontEnd.FrontEndTest -->
