<?xml version="1.0" encoding="UTF-8"?>
<!-- Generated by org.testng.reporters.JUnitReportReporter -->
<testsuite skipped="0" hostname="AFSWWK3KL813IF" name="mWebApp2.backEnd.MoodServiceTest" tests="9" failures="0" timestamp="17 Jun 2019 19:49:12 GMT" time="0.046" errors="0">
  <testcase name="testDeleteMood_returnsFalse" time="0.001" classname="mWebApp2.backEnd.MoodServiceTest"/>
  <testcase name="testAddMood_returnsMood" time="0.033" classname="mWebApp2.backEnd.MoodServiceTest"/>
  <testcase name="testUpdateMood_returnsMood" time="0.002" classname="mWebApp2.backEnd.MoodServiceTest"/>
  <testcase name="testRetrieveMoodsByUserId_returnsMoods" time="0.001" classname="mWebApp2.backEnd.MoodServiceTest"/>
  <testcase name="testConvertEntity_returnViewModel" time="0.001" classname="mWebApp2.backEnd.MoodServiceTest"/>
  <testcase name="testDeleteMood_returnsNumOfDeleted" time="0.002" classname="mWebApp2.backEnd.MoodServiceTest"/>
  <testcase name="testRetrieveMood_returnMood" time="0.002" classname="mWebApp2.backEnd.MoodServiceTest"/>
  <testcase name="testRetrieveAllMoods_returnMoods" time="0.002" classname="mWebApp2.backEnd.MoodServiceTest"/>
  <testcase name="testConvertViewModel_returnEntity" time="0.002" classname="mWebApp2.backEnd.MoodServiceTest"/>
</testsuite> <!-- mWebApp2.backEnd.MoodServiceTest -->
