<?xml version="1.0" encoding="UTF-8"?>
<!-- Generated by org.testng.reporters.JUnitReportReporter -->
<testsuite skipped="0" hostname="AFSWWK3KL813IF" name="mWebApp2.backEnd.MoodServiceTest" tests="2" failures="0" timestamp="12 Jun 2019 22:39:00 GMT" time="0.035" errors="0">
  <testcase name="testRetrieveMeetings_returnsMeetings" time="0.001" classname="mWebApp2.backEnd.MoodServiceTest"/>
  <testcase name="testAddMeeting_returnsMeeting" time="0.034" classname="mWebApp2.backEnd.MoodServiceTest"/>
</testsuite> <!-- mWebApp2.backEnd.MoodServiceTest -->
