<?xml version="1.0" encoding="UTF-8"?>
<!-- Generated by org.testng.reporters.JUnitReportReporter -->
<testsuite skipped="0" hostname="AFSWWK3KL813IF" name="mWebApp2.backEnd.MoodServiceTest" tests="9" failures="0" timestamp="13 Jun 2019 15:15:41 GMT" time="0.047" errors="0">
  <testcase name="testRerieveMeeting_returnMeeting" time="0.001" classname="mWebApp2.backEnd.MoodServiceTest"/>
  <testcase name="testDeleteMeeting_returnsNumOfDeleted" time="0.001" classname="mWebApp2.backEnd.MoodServiceTest"/>
  <testcase name="testRetrieveMeetingsByUserId_returnsMeetings" time="0.002" classname="mWebApp2.backEnd.MoodServiceTest"/>
  <testcase name="testDeleteMeeting_returnsFalse" time="0.002" classname="mWebApp2.backEnd.MoodServiceTest"/>
  <testcase name="testAddMeeting_returnsMeeting" time="0.032" classname="mWebApp2.backEnd.MoodServiceTest"/>
  <testcase name="testConvertViewModel_returnEntity" time="0.002" classname="mWebApp2.backEnd.MoodServiceTest"/>
  <testcase name="testRetrienveAllMeetings_returnMeetings" time="0.004" classname="mWebApp2.backEnd.MoodServiceTest"/>
  <testcase name="testConvertEntity_returnViewModel" time="0.001" classname="mWebApp2.backEnd.MoodServiceTest"/>
  <testcase name="testUpdateMeeting_returnsMeeting" time="0.002" classname="mWebApp2.backEnd.MoodServiceTest"/>
</testsuite> <!-- mWebApp2.backEnd.MoodServiceTest -->
